<?xml version="1.0" encoding="UTF-8"?>
<!-- Generated by org.testng.reporters.JUnitReportReporter -->
<testsuite skipped="0" hostname="Naved" name="QRCodeReader" tests="1" failures="0" timestamp="03 Jul 2018 21:06:14 GMT" time="7.604" errors="0">
  <testcase name="qrCodeReader" time="7.604" classname="QRCodeReader"/>
</testsuite> <!-- QRCodeReader -->
