<?xml version="1.0" encoding="UTF-8"?>
<!-- Generated by org.testng.reporters.JUnitReportReporter -->
<testsuite skipped="0" hostname="Naved" name="QRCodeReader" tests="1" failures="0" timestamp="03 Jul 2018 20:57:25 GMT" time="7.838" errors="0">
  <testcase name="qrCodeReader" time="7.838" classname="QRCodeReader"/>
</testsuite> <!-- QRCodeReader -->
