<?xml version="1.0" encoding="UTF-8"?>
<!-- Generated by org.testng.reporters.JUnitReportReporter -->
<testsuite skipped="0" hostname="Naved" name="FindBrokenLinks" tests="1" failures="0" timestamp="03 Jul 2018 21:07:08 GMT" time="44.591" errors="0">
  <testcase name="findBrokenLinks" time="44.591" classname="FindBrokenLinks"/>
</testsuite> <!-- FindBrokenLinks -->
